2022-09-14 02:41:46,086 INFO [ClientConnectionEventListenerRegistry] registry listener - ConnectionBasedClientManager

2022-09-14 02:41:46,166 INFO Init loader limit rule from local,rule=

2022-09-14 02:42:54,355 INFO [ClientConnectionEventListenerRegistry] registry listener - ConnectionBasedClientManager

2022-09-14 02:42:54,421 INFO Init loader limit rule from local,rule=

2022-09-14 02:44:25,667 INFO [ClientConnectionEventListenerRegistry] registry listener - ConnectionBasedClientManager

2022-09-14 02:44:25,767 INFO Init loader limit rule from local,rule=

2022-09-14 02:44:26,117 INFO [ClientConnectionEventListenerRegistry] registry listener - ConfigConnectionEventListener

2022-09-14 02:44:26,157 INFO [ClientConnectionEventListenerRegistry] registry listener - RpcAckCallbackInitorOrCleaner

2022-09-14 02:44:26,541 INFO Nacos GrpcSdkServer Rpc server starting at port 9848

2022-09-14 02:44:27,124 INFO Nacos GrpcSdkServer Rpc server started at port 9848

2022-09-14 02:44:27,127 INFO Nacos GrpcClusterServer Rpc server starting at port 9849

2022-09-14 02:44:27,129 INFO Nacos GrpcClusterServer Rpc server started at port 9849

2022-09-14 20:18:40,934 INFO Nacos GrpcClusterServer Rpc server stopping

2022-09-14 20:18:40,938 INFO Nacos GrpcSdkServer Rpc server stopping

2022-09-14 20:18:40,997 INFO Nacos GrpcClusterServer Rpc server stopped successfully...

2022-09-14 20:18:41,010 INFO Nacos GrpcSdkServer Rpc server stopped successfully...

2022-09-14 20:20:03,279 INFO [ClientConnectionEventListenerRegistry] registry listener - ConnectionBasedClientManager

2022-09-14 20:20:03,342 INFO Init loader limit rule from local,rule=

2022-09-14 20:20:03,640 INFO [ClientConnectionEventListenerRegistry] registry listener - ConfigConnectionEventListener

2022-09-14 20:20:03,682 INFO [ClientConnectionEventListenerRegistry] registry listener - RpcAckCallbackInitorOrCleaner

2022-09-14 20:20:04,004 INFO Nacos GrpcSdkServer Rpc server starting at port 9848

2022-09-14 20:20:04,507 INFO Nacos GrpcSdkServer Rpc server started at port 9848

2022-09-14 20:20:04,512 INFO Nacos GrpcClusterServer Rpc server starting at port 9849

2022-09-14 20:20:04,515 INFO Nacos GrpcClusterServer Rpc server started at port 9849

2022-09-14 20:31:01,605 INFO Nacos GrpcClusterServer Rpc server stopping

2022-09-14 20:31:01,607 INFO Nacos GrpcSdkServer Rpc server stopping

2022-09-14 20:31:01,619 INFO Nacos GrpcClusterServer Rpc server stopped successfully...

2022-09-14 20:31:01,621 INFO Nacos GrpcSdkServer Rpc server stopped successfully...

