2022-09-14 02:41:46,177 INFO Register tps control,pointName=CONFIG_PUSH_COUNT, point=com.alibaba.nacos.core.remote.control.TpsMonitorPoint@7a799159 

2022-09-14 02:41:46,178 INFO Load rule from local,pointName=CONFIG_PUSH_COUNT, ruleContent= 

2022-09-14 02:41:46,179 INFO Apply tps control rule parse start,pointName=[CONFIG_PUSH_COUNT]  

2022-09-14 02:41:46,179 INFO Clear point  control rule ,pointName=[CONFIG_PUSH_COUNT]  

2022-09-14 02:41:46,179 INFO Clear point  control rule for monitorKeys, pointName=[CONFIG_PUSH_COUNT]  

2022-09-14 02:41:46,179 INFO Register tps control,pointName=CONFIG_PUSH_SUCCESS, point=com.alibaba.nacos.core.remote.control.TpsMonitorPoint@40ab8a8 

2022-09-14 02:41:46,180 INFO Load rule from local,pointName=CONFIG_PUSH_SUCCESS, ruleContent= 

2022-09-14 02:41:46,180 INFO Apply tps control rule parse start,pointName=[CONFIG_PUSH_SUCCESS]  

2022-09-14 02:41:46,180 INFO Clear point  control rule ,pointName=[CONFIG_PUSH_SUCCESS]  

2022-09-14 02:41:46,180 INFO Clear point  control rule for monitorKeys, pointName=[CONFIG_PUSH_SUCCESS]  

2022-09-14 02:41:46,180 INFO Register tps control,pointName=CONFIG_PUSH_FAIL, point=com.alibaba.nacos.core.remote.control.TpsMonitorPoint@6ff37443 

2022-09-14 02:41:46,181 INFO Load rule from local,pointName=CONFIG_PUSH_FAIL, ruleContent= 

2022-09-14 02:41:46,181 INFO Apply tps control rule parse start,pointName=[CONFIG_PUSH_FAIL]  

2022-09-14 02:41:46,181 INFO Clear point  control rule ,pointName=[CONFIG_PUSH_FAIL]  

2022-09-14 02:41:46,181 INFO Clear point  control rule for monitorKeys, pointName=[CONFIG_PUSH_FAIL]  

2022-09-14 02:41:46,183 INFO Load rule from local,pointName=CONFIG_PUSH_COUNT, ruleContent= 

2022-09-14 02:41:46,183 INFO Apply tps control rule parse start,pointName=[CONFIG_PUSH_COUNT]  

2022-09-14 02:41:46,183 INFO Clear point  control rule ,pointName=[CONFIG_PUSH_COUNT]  

2022-09-14 02:41:46,183 INFO Clear point  control rule for monitorKeys, pointName=[CONFIG_PUSH_COUNT]  

2022-09-14 02:41:46,183 INFO Load rule from local,pointName=CONFIG_PUSH_SUCCESS, ruleContent= 

2022-09-14 02:41:46,184 INFO Apply tps control rule parse start,pointName=[CONFIG_PUSH_SUCCESS]  

2022-09-14 02:41:46,190 INFO Clear point  control rule ,pointName=[CONFIG_PUSH_SUCCESS]  

2022-09-14 02:41:46,190 INFO Clear point  control rule for monitorKeys, pointName=[CONFIG_PUSH_SUCCESS]  

2022-09-14 02:41:46,191 INFO Load rule from local,pointName=CONFIG_PUSH_FAIL, ruleContent= 

2022-09-14 02:41:46,191 INFO Apply tps control rule parse start,pointName=[CONFIG_PUSH_FAIL]  

2022-09-14 02:41:46,191 INFO Clear point  control rule ,pointName=[CONFIG_PUSH_FAIL]  

2022-09-14 02:41:46,191 INFO Clear point  control rule for monitorKeys, pointName=[CONFIG_PUSH_FAIL]  

2022-09-14 02:42:54,430 INFO Register tps control,pointName=CONFIG_PUSH_COUNT, point=com.alibaba.nacos.core.remote.control.TpsMonitorPoint@56da52a7 

2022-09-14 02:42:54,431 INFO Load rule from local,pointName=CONFIG_PUSH_COUNT, ruleContent= 

2022-09-14 02:42:54,431 INFO Apply tps control rule parse start,pointName=[CONFIG_PUSH_COUNT]  

2022-09-14 02:42:54,431 INFO Clear point  control rule ,pointName=[CONFIG_PUSH_COUNT]  

2022-09-14 02:42:54,432 INFO Clear point  control rule for monitorKeys, pointName=[CONFIG_PUSH_COUNT]  

2022-09-14 02:42:54,432 INFO Register tps control,pointName=CONFIG_PUSH_SUCCESS, point=com.alibaba.nacos.core.remote.control.TpsMonitorPoint@23ee75c5 

2022-09-14 02:42:54,432 INFO Load rule from local,pointName=CONFIG_PUSH_SUCCESS, ruleContent= 

2022-09-14 02:42:54,432 INFO Apply tps control rule parse start,pointName=[CONFIG_PUSH_SUCCESS]  

2022-09-14 02:42:54,432 INFO Clear point  control rule ,pointName=[CONFIG_PUSH_SUCCESS]  

2022-09-14 02:42:54,432 INFO Clear point  control rule for monitorKeys, pointName=[CONFIG_PUSH_SUCCESS]  

2022-09-14 02:42:54,432 INFO Register tps control,pointName=CONFIG_PUSH_FAIL, point=com.alibaba.nacos.core.remote.control.TpsMonitorPoint@11a7ba62 

2022-09-14 02:42:54,433 INFO Load rule from local,pointName=CONFIG_PUSH_FAIL, ruleContent= 

2022-09-14 02:42:54,433 INFO Apply tps control rule parse start,pointName=[CONFIG_PUSH_FAIL]  

2022-09-14 02:42:54,433 INFO Clear point  control rule ,pointName=[CONFIG_PUSH_FAIL]  

2022-09-14 02:42:54,433 INFO Clear point  control rule for monitorKeys, pointName=[CONFIG_PUSH_FAIL]  

2022-09-14 02:44:25,777 INFO Register tps control,pointName=CONFIG_PUSH_COUNT, point=com.alibaba.nacos.core.remote.control.TpsMonitorPoint@6050462a 

2022-09-14 02:44:25,779 INFO Load rule from local,pointName=CONFIG_PUSH_COUNT, ruleContent= 

2022-09-14 02:44:25,780 INFO Apply tps control rule parse start,pointName=[CONFIG_PUSH_COUNT]  

2022-09-14 02:44:25,780 INFO Clear point  control rule ,pointName=[CONFIG_PUSH_COUNT]  

2022-09-14 02:44:25,780 INFO Clear point  control rule for monitorKeys, pointName=[CONFIG_PUSH_COUNT]  

2022-09-14 02:44:25,780 INFO Register tps control,pointName=CONFIG_PUSH_SUCCESS, point=com.alibaba.nacos.core.remote.control.TpsMonitorPoint@4c0884e8 

2022-09-14 02:44:25,781 INFO Load rule from local,pointName=CONFIG_PUSH_SUCCESS, ruleContent= 

2022-09-14 02:44:25,781 INFO Apply tps control rule parse start,pointName=[CONFIG_PUSH_SUCCESS]  

2022-09-14 02:44:25,781 INFO Clear point  control rule ,pointName=[CONFIG_PUSH_SUCCESS]  

2022-09-14 02:44:25,781 INFO Clear point  control rule for monitorKeys, pointName=[CONFIG_PUSH_SUCCESS]  

2022-09-14 02:44:25,781 INFO Register tps control,pointName=CONFIG_PUSH_FAIL, point=com.alibaba.nacos.core.remote.control.TpsMonitorPoint@231baf51 

2022-09-14 02:44:25,782 INFO Load rule from local,pointName=CONFIG_PUSH_FAIL, ruleContent= 

2022-09-14 02:44:25,782 INFO Apply tps control rule parse start,pointName=[CONFIG_PUSH_FAIL]  

2022-09-14 02:44:25,782 INFO Clear point  control rule ,pointName=[CONFIG_PUSH_FAIL]  

2022-09-14 02:44:25,782 INFO Clear point  control rule for monitorKeys, pointName=[CONFIG_PUSH_FAIL]  

2022-09-14 02:44:25,794 INFO Load rule from local,pointName=CONFIG_PUSH_COUNT, ruleContent= 

2022-09-14 02:44:25,794 INFO Apply tps control rule parse start,pointName=[CONFIG_PUSH_COUNT]  

2022-09-14 02:44:25,794 INFO Clear point  control rule ,pointName=[CONFIG_PUSH_COUNT]  

2022-09-14 02:44:25,794 INFO Clear point  control rule for monitorKeys, pointName=[CONFIG_PUSH_COUNT]  

2022-09-14 02:44:25,794 INFO Load rule from local,pointName=CONFIG_PUSH_SUCCESS, ruleContent= 

2022-09-14 02:44:25,794 INFO Apply tps control rule parse start,pointName=[CONFIG_PUSH_SUCCESS]  

2022-09-14 02:44:25,794 INFO Clear point  control rule ,pointName=[CONFIG_PUSH_SUCCESS]  

2022-09-14 02:44:25,794 INFO Clear point  control rule for monitorKeys, pointName=[CONFIG_PUSH_SUCCESS]  

2022-09-14 02:44:25,795 INFO Load rule from local,pointName=CONFIG_PUSH_FAIL, ruleContent= 

2022-09-14 02:44:25,795 INFO Apply tps control rule parse start,pointName=[CONFIG_PUSH_FAIL]  

2022-09-14 02:44:25,795 INFO Clear point  control rule ,pointName=[CONFIG_PUSH_FAIL]  

2022-09-14 02:44:25,795 INFO Clear point  control rule for monitorKeys, pointName=[CONFIG_PUSH_FAIL]  

2022-09-14 02:44:30,509 INFO Register tps control,pointName=ConfigQuery, point=com.alibaba.nacos.core.remote.control.TpsMonitorPoint@7df76d99 

2022-09-14 02:44:30,509 INFO Load rule from local,pointName=ConfigQuery, ruleContent= 

2022-09-14 02:44:30,509 INFO Apply tps control rule parse start,pointName=[ConfigQuery]  

2022-09-14 02:44:30,509 INFO Clear point  control rule ,pointName=[ConfigQuery]  

2022-09-14 02:44:30,509 INFO Clear point  control rule for monitorKeys, pointName=[ConfigQuery]  

2022-09-14 02:44:30,510 INFO Register tps control,pointName=ClusterConfigChangeNotify, point=com.alibaba.nacos.core.remote.control.TpsMonitorPoint@459cfcca 

2022-09-14 02:44:30,510 INFO Load rule from local,pointName=ConfigQuery, ruleContent= 

2022-09-14 02:44:30,510 INFO Apply tps control rule parse start,pointName=[ConfigQuery]  

2022-09-14 02:44:30,510 INFO Clear point  control rule ,pointName=[ConfigQuery]  

2022-09-14 02:44:30,510 INFO Clear point  control rule for monitorKeys, pointName=[ConfigQuery]  

2022-09-14 02:44:30,510 INFO Load rule from local,pointName=ClusterConfigChangeNotify, ruleContent= 

2022-09-14 02:44:30,511 INFO Apply tps control rule parse start,pointName=[ClusterConfigChangeNotify]  

2022-09-14 02:44:30,511 INFO Clear point  control rule ,pointName=[ClusterConfigChangeNotify]  

2022-09-14 02:44:30,511 INFO Clear point  control rule for monitorKeys, pointName=[ClusterConfigChangeNotify]  

2022-09-14 02:44:30,511 INFO Register tps control,pointName=ConfigListen, point=com.alibaba.nacos.core.remote.control.TpsMonitorPoint@2acbc859 

2022-09-14 02:44:30,511 INFO Load rule from local,pointName=ConfigListen, ruleContent= 

2022-09-14 02:44:30,511 INFO Apply tps control rule parse start,pointName=[ConfigListen]  

2022-09-14 02:44:30,511 INFO Clear point  control rule ,pointName=[ConfigListen]  

2022-09-14 02:44:30,511 INFO Clear point  control rule for monitorKeys, pointName=[ConfigListen]  

2022-09-14 02:44:30,511 INFO Register tps control,pointName=ConfigRemove, point=com.alibaba.nacos.core.remote.control.TpsMonitorPoint@6ab7ce48 

2022-09-14 02:44:30,511 INFO Load rule from local,pointName=ConfigRemove, ruleContent= 

2022-09-14 02:44:30,511 INFO Apply tps control rule parse start,pointName=[ConfigRemove]  

2022-09-14 02:44:30,511 INFO Clear point  control rule ,pointName=[ConfigRemove]  

2022-09-14 02:44:30,511 INFO Clear point  control rule for monitorKeys, pointName=[ConfigRemove]  

2022-09-14 02:44:30,511 INFO Register tps control,pointName=ConfigPublish, point=com.alibaba.nacos.core.remote.control.TpsMonitorPoint@2c6aed22 

2022-09-14 02:44:30,512 INFO Load rule from local,pointName=ConfigPublish, ruleContent= 

2022-09-14 02:44:30,512 INFO Apply tps control rule parse start,pointName=[ConfigPublish]  

2022-09-14 02:44:30,512 INFO Clear point  control rule ,pointName=[ConfigPublish]  

2022-09-14 02:44:30,512 INFO Clear point  control rule for monitorKeys, pointName=[ConfigPublish]  

2022-09-14 02:44:30,512 INFO Register tps control,pointName=HealthCheck, point=com.alibaba.nacos.core.remote.control.TpsMonitorPoint@e322ec9 

2022-09-14 02:44:30,512 INFO Load rule from local,pointName=ConfigRemove, ruleContent= 

2022-09-14 02:44:30,512 INFO Apply tps control rule parse start,pointName=[ConfigRemove]  

2022-09-14 02:44:30,512 INFO Clear point  control rule ,pointName=[ConfigRemove]  

2022-09-14 02:44:30,512 INFO Clear point  control rule for monitorKeys, pointName=[ConfigRemove]  

2022-09-14 02:44:30,512 INFO Load rule from local,pointName=HealthCheck, ruleContent= 

2022-09-14 02:44:30,512 INFO Apply tps control rule parse start,pointName=[HealthCheck]  

2022-09-14 02:44:30,513 INFO Clear point  control rule ,pointName=[HealthCheck]  

2022-09-14 02:44:30,513 INFO Clear point  control rule for monitorKeys, pointName=[HealthCheck]  

2022-09-14 02:44:30,513 INFO Load rule from local,pointName=ConfigPublish, ruleContent= 

2022-09-14 02:44:30,513 INFO Apply tps control rule parse start,pointName=[ConfigPublish]  

2022-09-14 02:44:30,513 INFO Clear point  control rule ,pointName=[ConfigPublish]  

2022-09-14 02:44:30,513 INFO Clear point  control rule for monitorKeys, pointName=[ConfigPublish]  

2022-09-14 02:44:30,513 INFO Load rule from local,pointName=HealthCheck, ruleContent= 

2022-09-14 02:44:30,513 INFO Apply tps control rule parse start,pointName=[HealthCheck]  

2022-09-14 02:44:30,513 INFO Clear point  control rule ,pointName=[HealthCheck]  

2022-09-14 02:44:30,513 INFO Clear point  control rule for monitorKeys, pointName=[HealthCheck]  

2022-09-14 02:50:15,596 INFO Register tps control,pointName=NAMING_RPC_PUSH, point=com.alibaba.nacos.core.remote.control.TpsMonitorPoint@3103575b 

2022-09-14 02:50:15,597 INFO Load rule from local,pointName=NAMING_RPC_PUSH, ruleContent= 

2022-09-14 02:50:15,597 INFO Apply tps control rule parse start,pointName=[NAMING_RPC_PUSH]  

2022-09-14 02:50:15,597 INFO Clear point  control rule ,pointName=[NAMING_RPC_PUSH]  

2022-09-14 02:50:15,597 INFO Clear point  control rule for monitorKeys, pointName=[NAMING_RPC_PUSH]  

2022-09-14 02:50:15,597 INFO Register tps control,pointName=NAMING_RPC_PUSH_SUCCESS, point=com.alibaba.nacos.core.remote.control.TpsMonitorPoint@39a5dbcd 

2022-09-14 02:50:15,597 INFO Load rule from local,pointName=NAMING_RPC_PUSH_SUCCESS, ruleContent= 

2022-09-14 02:50:15,597 INFO Apply tps control rule parse start,pointName=[NAMING_RPC_PUSH_SUCCESS]  

2022-09-14 02:50:15,597 INFO Clear point  control rule ,pointName=[NAMING_RPC_PUSH_SUCCESS]  

2022-09-14 02:50:15,597 INFO Clear point  control rule for monitorKeys, pointName=[NAMING_RPC_PUSH_SUCCESS]  

2022-09-14 02:50:15,597 INFO Register tps control,pointName=NAMING_RPC_PUSH_FAIL, point=com.alibaba.nacos.core.remote.control.TpsMonitorPoint@25695972 

2022-09-14 02:50:15,598 INFO Load rule from local,pointName=NAMING_RPC_PUSH_FAIL, ruleContent= 

2022-09-14 02:50:15,598 INFO Apply tps control rule parse start,pointName=[NAMING_RPC_PUSH_FAIL]  

2022-09-14 02:50:15,598 INFO Clear point  control rule ,pointName=[NAMING_RPC_PUSH_FAIL]  

2022-09-14 02:50:15,598 INFO Clear point  control rule for monitorKeys, pointName=[NAMING_RPC_PUSH_FAIL]  

2022-09-14 02:50:15,598 INFO Register tps control,pointName=NAMING_UDP_PUSH, point=com.alibaba.nacos.core.remote.control.TpsMonitorPoint@115ed19 

2022-09-14 02:50:15,598 INFO Load rule from local,pointName=NAMING_RPC_PUSH, ruleContent= 

2022-09-14 02:50:15,598 INFO Apply tps control rule parse start,pointName=[NAMING_RPC_PUSH]  

2022-09-14 02:50:15,599 INFO Clear point  control rule ,pointName=[NAMING_RPC_PUSH]  

2022-09-14 02:50:15,599 INFO Clear point  control rule for monitorKeys, pointName=[NAMING_RPC_PUSH]  

2022-09-14 02:50:15,599 INFO Load rule from local,pointName=NAMING_UDP_PUSH, ruleContent= 

2022-09-14 02:50:15,599 INFO Apply tps control rule parse start,pointName=[NAMING_UDP_PUSH]  

2022-09-14 02:50:15,599 INFO Clear point  control rule ,pointName=[NAMING_UDP_PUSH]  

2022-09-14 02:50:15,599 INFO Clear point  control rule for monitorKeys, pointName=[NAMING_UDP_PUSH]  

2022-09-14 02:50:15,599 INFO Register tps control,pointName=NAMING_UDP_PUSH_SUCCESS, point=com.alibaba.nacos.core.remote.control.TpsMonitorPoint@2a07dbef 

2022-09-14 02:50:15,599 INFO Load rule from local,pointName=NAMING_RPC_PUSH_SUCCESS, ruleContent= 

2022-09-14 02:50:15,599 INFO Apply tps control rule parse start,pointName=[NAMING_RPC_PUSH_SUCCESS]  

2022-09-14 02:50:15,599 INFO Clear point  control rule ,pointName=[NAMING_RPC_PUSH_SUCCESS]  

2022-09-14 02:50:15,599 INFO Clear point  control rule for monitorKeys, pointName=[NAMING_RPC_PUSH_SUCCESS]  

2022-09-14 02:50:15,600 INFO Load rule from local,pointName=NAMING_UDP_PUSH_SUCCESS, ruleContent= 

2022-09-14 02:50:15,600 INFO Apply tps control rule parse start,pointName=[NAMING_UDP_PUSH_SUCCESS]  

2022-09-14 02:50:15,600 INFO Clear point  control rule ,pointName=[NAMING_UDP_PUSH_SUCCESS]  

2022-09-14 02:50:15,600 INFO Clear point  control rule for monitorKeys, pointName=[NAMING_UDP_PUSH_SUCCESS]  

2022-09-14 02:50:15,600 INFO Register tps control,pointName=NAMING_UDP_PUSH_FAIL, point=com.alibaba.nacos.core.remote.control.TpsMonitorPoint@3deb06d1 

2022-09-14 02:50:15,600 INFO Load rule from local,pointName=NAMING_RPC_PUSH_FAIL, ruleContent= 

2022-09-14 02:50:15,600 INFO Apply tps control rule parse start,pointName=[NAMING_RPC_PUSH_FAIL]  

2022-09-14 02:50:15,600 INFO Clear point  control rule ,pointName=[NAMING_RPC_PUSH_FAIL]  

2022-09-14 02:50:15,600 INFO Clear point  control rule for monitorKeys, pointName=[NAMING_RPC_PUSH_FAIL]  

2022-09-14 02:50:15,601 INFO Load rule from local,pointName=NAMING_UDP_PUSH, ruleContent= 

2022-09-14 02:50:15,601 INFO Apply tps control rule parse start,pointName=[NAMING_UDP_PUSH]  

2022-09-14 02:50:15,601 INFO Clear point  control rule ,pointName=[NAMING_UDP_PUSH]  

2022-09-14 02:50:15,601 INFO Clear point  control rule for monitorKeys, pointName=[NAMING_UDP_PUSH]  

2022-09-14 02:50:15,601 INFO Load rule from local,pointName=NAMING_UDP_PUSH_SUCCESS, ruleContent= 

2022-09-14 02:50:15,601 INFO Apply tps control rule parse start,pointName=[NAMING_UDP_PUSH_SUCCESS]  

2022-09-14 02:50:15,601 INFO Clear point  control rule ,pointName=[NAMING_UDP_PUSH_SUCCESS]  

2022-09-14 02:50:15,601 INFO Clear point  control rule for monitorKeys, pointName=[NAMING_UDP_PUSH_SUCCESS]  

2022-09-14 02:50:15,601 INFO Load rule from local,pointName=NAMING_UDP_PUSH_FAIL, ruleContent= 

2022-09-14 02:50:15,601 INFO Apply tps control rule parse start,pointName=[NAMING_UDP_PUSH_FAIL]  

2022-09-14 02:50:15,601 INFO Clear point  control rule ,pointName=[NAMING_UDP_PUSH_FAIL]  

2022-09-14 02:50:15,601 INFO Clear point  control rule for monitorKeys, pointName=[NAMING_UDP_PUSH_FAIL]  

2022-09-14 02:50:15,602 INFO Register tps control,pointName=NAMING_DISTRO_SYNC, point=com.alibaba.nacos.core.remote.control.TpsMonitorPoint@52266ad7 

2022-09-14 02:50:15,602 INFO Load rule from local,pointName=NAMING_DISTRO_SYNC, ruleContent= 

2022-09-14 02:50:15,602 INFO Apply tps control rule parse start,pointName=[NAMING_DISTRO_SYNC]  

2022-09-14 02:50:15,602 INFO Clear point  control rule ,pointName=[NAMING_DISTRO_SYNC]  

2022-09-14 02:50:15,602 INFO Clear point  control rule for monitorKeys, pointName=[NAMING_DISTRO_SYNC]  

2022-09-14 02:50:15,602 INFO Register tps control,pointName=NAMING_DISTRO_SYNC_SUCCESS, point=com.alibaba.nacos.core.remote.control.TpsMonitorPoint@7cf538af 

2022-09-14 02:50:15,602 INFO Load rule from local,pointName=NAMING_DISTRO_SYNC_SUCCESS, ruleContent= 

2022-09-14 02:50:15,602 INFO Apply tps control rule parse start,pointName=[NAMING_DISTRO_SYNC_SUCCESS]  

2022-09-14 02:50:15,602 INFO Clear point  control rule ,pointName=[NAMING_DISTRO_SYNC_SUCCESS]  

2022-09-14 02:50:15,603 INFO Clear point  control rule for monitorKeys, pointName=[NAMING_DISTRO_SYNC_SUCCESS]  

2022-09-14 02:50:15,603 INFO Register tps control,pointName=NAMING_DISTRO_SYNC_FAIL, point=com.alibaba.nacos.core.remote.control.TpsMonitorPoint@68b95c7d 

2022-09-14 02:50:15,603 INFO Load rule from local,pointName=NAMING_DISTRO_SYNC_FAIL, ruleContent= 

2022-09-14 02:50:15,603 INFO Apply tps control rule parse start,pointName=[NAMING_DISTRO_SYNC_FAIL]  

2022-09-14 02:50:15,603 INFO Clear point  control rule ,pointName=[NAMING_DISTRO_SYNC_FAIL]  

2022-09-14 02:50:15,603 INFO Clear point  control rule for monitorKeys, pointName=[NAMING_DISTRO_SYNC_FAIL]  

2022-09-14 02:50:15,603 INFO Register tps control,pointName=NAMING_DISTRO_VERIFY, point=com.alibaba.nacos.core.remote.control.TpsMonitorPoint@d010235 

2022-09-14 02:50:15,604 INFO Load rule from local,pointName=NAMING_DISTRO_VERIFY, ruleContent= 

2022-09-14 02:50:15,604 INFO Apply tps control rule parse start,pointName=[NAMING_DISTRO_VERIFY]  

2022-09-14 02:50:15,604 INFO Clear point  control rule ,pointName=[NAMING_DISTRO_VERIFY]  

2022-09-14 02:50:15,604 INFO Clear point  control rule for monitorKeys, pointName=[NAMING_DISTRO_VERIFY]  

2022-09-14 02:50:15,604 INFO Register tps control,pointName=NAMING_DISTRO_VERIFY_SUCCESS, point=com.alibaba.nacos.core.remote.control.TpsMonitorPoint@6c10a190 

2022-09-14 02:50:15,604 INFO Load rule from local,pointName=NAMING_DISTRO_VERIFY_SUCCESS, ruleContent= 

2022-09-14 02:50:15,604 INFO Apply tps control rule parse start,pointName=[NAMING_DISTRO_VERIFY_SUCCESS]  

2022-09-14 02:50:15,604 INFO Clear point  control rule ,pointName=[NAMING_DISTRO_VERIFY_SUCCESS]  

2022-09-14 02:50:15,604 INFO Clear point  control rule for monitorKeys, pointName=[NAMING_DISTRO_VERIFY_SUCCESS]  

2022-09-14 02:50:15,604 INFO Register tps control,pointName=NAMING_DISTRO_VERIFY_FAIL, point=com.alibaba.nacos.core.remote.control.TpsMonitorPoint@3975dcfd 

2022-09-14 02:50:15,605 INFO Load rule from local,pointName=NAMING_DISTRO_VERIFY_FAIL, ruleContent= 

2022-09-14 02:50:15,605 INFO Apply tps control rule parse start,pointName=[NAMING_DISTRO_VERIFY_FAIL]  

2022-09-14 02:50:15,605 INFO Clear point  control rule ,pointName=[NAMING_DISTRO_VERIFY_FAIL]  

2022-09-14 02:50:15,605 INFO Clear point  control rule for monitorKeys, pointName=[NAMING_DISTRO_VERIFY_FAIL]  

2022-09-14 20:20:03,350 INFO Register tps control,pointName=CONFIG_PUSH_COUNT, point=com.alibaba.nacos.core.remote.control.TpsMonitorPoint@6b1e7ad3 

2022-09-14 20:20:03,351 INFO Load rule from local,pointName=CONFIG_PUSH_COUNT, ruleContent= 

2022-09-14 20:20:03,351 INFO Apply tps control rule parse start,pointName=[CONFIG_PUSH_COUNT]  

2022-09-14 20:20:03,351 INFO Clear point  control rule ,pointName=[CONFIG_PUSH_COUNT]  

2022-09-14 20:20:03,352 INFO Clear point  control rule for monitorKeys, pointName=[CONFIG_PUSH_COUNT]  

2022-09-14 20:20:03,352 INFO Register tps control,pointName=CONFIG_PUSH_SUCCESS, point=com.alibaba.nacos.core.remote.control.TpsMonitorPoint@63e5e5b4 

2022-09-14 20:20:03,352 INFO Load rule from local,pointName=CONFIG_PUSH_SUCCESS, ruleContent= 

2022-09-14 20:20:03,352 INFO Apply tps control rule parse start,pointName=[CONFIG_PUSH_SUCCESS]  

2022-09-14 20:20:03,352 INFO Clear point  control rule ,pointName=[CONFIG_PUSH_SUCCESS]  

2022-09-14 20:20:03,353 INFO Clear point  control rule for monitorKeys, pointName=[CONFIG_PUSH_SUCCESS]  

2022-09-14 20:20:03,353 INFO Register tps control,pointName=CONFIG_PUSH_FAIL, point=com.alibaba.nacos.core.remote.control.TpsMonitorPoint@13a37e2a 

2022-09-14 20:20:03,353 INFO Load rule from local,pointName=CONFIG_PUSH_FAIL, ruleContent= 

2022-09-14 20:20:03,353 INFO Apply tps control rule parse start,pointName=[CONFIG_PUSH_FAIL]  

2022-09-14 20:20:03,353 INFO Clear point  control rule ,pointName=[CONFIG_PUSH_FAIL]  

2022-09-14 20:20:03,353 INFO Clear point  control rule for monitorKeys, pointName=[CONFIG_PUSH_FAIL]  

2022-09-14 20:20:03,356 INFO Load rule from local,pointName=CONFIG_PUSH_COUNT, ruleContent= 

2022-09-14 20:20:03,356 INFO Apply tps control rule parse start,pointName=[CONFIG_PUSH_COUNT]  

2022-09-14 20:20:03,356 INFO Clear point  control rule ,pointName=[CONFIG_PUSH_COUNT]  

2022-09-14 20:20:03,356 INFO Clear point  control rule for monitorKeys, pointName=[CONFIG_PUSH_COUNT]  

2022-09-14 20:20:03,356 INFO Load rule from local,pointName=CONFIG_PUSH_SUCCESS, ruleContent= 

2022-09-14 20:20:03,356 INFO Apply tps control rule parse start,pointName=[CONFIG_PUSH_SUCCESS]  

2022-09-14 20:20:03,356 INFO Clear point  control rule ,pointName=[CONFIG_PUSH_SUCCESS]  

2022-09-14 20:20:03,356 INFO Clear point  control rule for monitorKeys, pointName=[CONFIG_PUSH_SUCCESS]  

2022-09-14 20:20:03,357 INFO Load rule from local,pointName=CONFIG_PUSH_FAIL, ruleContent= 

2022-09-14 20:20:03,357 INFO Apply tps control rule parse start,pointName=[CONFIG_PUSH_FAIL]  

2022-09-14 20:20:03,357 INFO Clear point  control rule ,pointName=[CONFIG_PUSH_FAIL]  

2022-09-14 20:20:03,357 INFO Clear point  control rule for monitorKeys, pointName=[CONFIG_PUSH_FAIL]  

2022-09-14 20:20:07,951 INFO Register tps control,pointName=ConfigQuery, point=com.alibaba.nacos.core.remote.control.TpsMonitorPoint@37ed010a 

2022-09-14 20:20:07,952 INFO Load rule from local,pointName=ConfigQuery, ruleContent= 

2022-09-14 20:20:07,952 INFO Apply tps control rule parse start,pointName=[ConfigQuery]  

2022-09-14 20:20:07,952 INFO Clear point  control rule ,pointName=[ConfigQuery]  

2022-09-14 20:20:07,952 INFO Clear point  control rule for monitorKeys, pointName=[ConfigQuery]  

2022-09-14 20:20:07,952 INFO Register tps control,pointName=ClusterConfigChangeNotify, point=com.alibaba.nacos.core.remote.control.TpsMonitorPoint@633a2e99 

2022-09-14 20:20:07,952 INFO Load rule from local,pointName=ClusterConfigChangeNotify, ruleContent= 

2022-09-14 20:20:07,952 INFO Apply tps control rule parse start,pointName=[ClusterConfigChangeNotify]  

2022-09-14 20:20:07,952 INFO Clear point  control rule ,pointName=[ClusterConfigChangeNotify]  

2022-09-14 20:20:07,952 INFO Clear point  control rule for monitorKeys, pointName=[ClusterConfigChangeNotify]  

2022-09-14 20:20:07,952 INFO Register tps control,pointName=ConfigListen, point=com.alibaba.nacos.core.remote.control.TpsMonitorPoint@367d2816 

2022-09-14 20:20:07,953 INFO Load rule from local,pointName=ConfigListen, ruleContent= 

2022-09-14 20:20:07,953 INFO Apply tps control rule parse start,pointName=[ConfigListen]  

2022-09-14 20:20:07,953 INFO Clear point  control rule ,pointName=[ConfigListen]  

2022-09-14 20:20:07,953 INFO Clear point  control rule for monitorKeys, pointName=[ConfigListen]  

2022-09-14 20:20:07,953 INFO Register tps control,pointName=ConfigRemove, point=com.alibaba.nacos.core.remote.control.TpsMonitorPoint@5b84f14 

2022-09-14 20:20:07,953 INFO Load rule from local,pointName=ConfigRemove, ruleContent= 

2022-09-14 20:20:07,953 INFO Apply tps control rule parse start,pointName=[ConfigRemove]  

2022-09-14 20:20:07,953 INFO Clear point  control rule ,pointName=[ConfigRemove]  

2022-09-14 20:20:07,953 INFO Clear point  control rule for monitorKeys, pointName=[ConfigRemove]  

2022-09-14 20:20:07,953 INFO Register tps control,pointName=ConfigPublish, point=com.alibaba.nacos.core.remote.control.TpsMonitorPoint@5a82ebf8 

2022-09-14 20:20:07,953 INFO Load rule from local,pointName=ConfigPublish, ruleContent= 

2022-09-14 20:20:07,953 INFO Apply tps control rule parse start,pointName=[ConfigPublish]  

2022-09-14 20:20:07,954 INFO Clear point  control rule ,pointName=[ConfigPublish]  

2022-09-14 20:20:07,954 INFO Clear point  control rule for monitorKeys, pointName=[ConfigPublish]  

2022-09-14 20:20:07,954 INFO Register tps control,pointName=HealthCheck, point=com.alibaba.nacos.core.remote.control.TpsMonitorPoint@68fe48d7 

2022-09-14 20:20:07,954 INFO Load rule from local,pointName=HealthCheck, ruleContent= 

2022-09-14 20:20:07,954 INFO Apply tps control rule parse start,pointName=[HealthCheck]  

2022-09-14 20:20:07,954 INFO Clear point  control rule ,pointName=[HealthCheck]  

2022-09-14 20:20:07,954 INFO Clear point  control rule for monitorKeys, pointName=[HealthCheck]  

